INFO  24-01-22 15:55:36[main] [SocApplicationKt:50] - Starting SocApplicationKt using Java 17.0.9 with PID 4756 (C:\uni-dev\workspace\soc\build\classes\kotlin\main started by sleekhan in C:\uni-dev\workspace\soc)
INFO  24-01-22 15:55:36[main] [SocApplicationKt:662] - No active profile set, falling back to 1 default profile: "default"
INFO  24-01-22 15:55:39[main] [RepositoryConfigurationDelegate:139] - Bootstrapping Spring Data JPA repositories in DEFAULT mode.
INFO  24-01-22 15:55:39[main] [RepositoryConfigurationDelegate:208] - Finished Spring Data repository scanning in 103 ms. Found 1 JPA repository interface.
INFO  24-01-22 15:55:40[main] [TomcatWebServer:109] - Tomcat initialized with port 8080 (http)
INFO  24-01-22 15:55:40[main] [Http11NioProtocol:173] - Initializing ProtocolHandler ["http-nio-0.0.0.0-8080"]
INFO  24-01-22 15:55:40[main] [StandardService:173] - Starting service [Tomcat]
INFO  24-01-22 15:55:40[main] [StandardEngine:173] - Starting Servlet engine: [Apache Tomcat/10.1.17]
INFO  24-01-22 15:55:40[main] [[/]:173] - Initializing Spring embedded WebApplicationContext
INFO  24-01-22 15:55:40[main] [ServletWebServerApplicationContext:296] - Root WebApplicationContext: initialization completed in 4035 ms
INFO  24-01-22 15:55:41[main] [HikariDataSource:110] - HikariPool-1 - Starting...
INFO  24-01-22 15:55:41[main] [HikariPool:565] - HikariPool-1 - Added connection org.mariadb.jdbc.Connection@59636c47
INFO  24-01-22 15:55:41[main] [HikariDataSource:123] - HikariPool-1 - Start completed.
INFO  24-01-22 15:55:41[main] [LogHelper:31] - HHH000204: Processing PersistenceUnitInfo [name: default]
INFO  24-01-22 15:55:41[main] [Version:44] - HHH000412: Hibernate ORM core version 6.4.1.Final
INFO  24-01-22 15:55:41[main] [RegionFactoryInitiator:50] - HHH000026: Second-level cache disabled
INFO  24-01-22 15:55:42[main] [SpringPersistenceUnitInfo:87] - No LoadTimeWeaver setup: ignoring JPA class transformer
DEBUG 24-01-22 15:55:42[main] [DdlTypeRegistry:64] - addDescriptor(12, org.hibernate.type.descriptor.sql.internal.CapacityDependentDdlType@1aac0a47) replaced previous registration(org.hibernate.type.descriptor.sql.internal.CapacityDependentDdlType@4b3ad7ca)
DEBUG 24-01-22 15:55:42[main] [DdlTypeRegistry:64] - addDescriptor(-9, org.hibernate.type.descriptor.sql.internal.CapacityDependentDdlType@6785c9fa) replaced previous registration(org.hibernate.type.descriptor.sql.internal.CapacityDependentDdlType@63cf578f)
DEBUG 24-01-22 15:55:42[main] [DdlTypeRegistry:64] - addDescriptor(-3, org.hibernate.type.descriptor.sql.internal.CapacityDependentDdlType@194b9783) replaced previous registration(org.hibernate.type.descriptor.sql.internal.CapacityDependentDdlType@45297e7)
DEBUG 24-01-22 15:55:42[main] [DdlTypeRegistry:64] - addDescriptor(4003, org.hibernate.type.descriptor.sql.internal.DdlTypeImpl@4dd1548e) replaced previous registration(org.hibernate.type.descriptor.sql.internal.DdlTypeImpl@54bb1194)
DEBUG 24-01-22 15:55:42[main] [DdlTypeRegistry:64] - addDescriptor(4001, org.hibernate.type.descriptor.sql.internal.DdlTypeImpl@1109730f) replaced previous registration(org.hibernate.type.descriptor.sql.internal.DdlTypeImpl@1f42366)
DEBUG 24-01-22 15:55:42[main] [DdlTypeRegistry:64] - addDescriptor(4002, org.hibernate.type.descriptor.sql.internal.DdlTypeImpl@46c662f2) replaced previous registration(org.hibernate.type.descriptor.sql.internal.DdlTypeImpl@4afdfc0f)
DEBUG 24-01-22 15:55:42[main] [DdlTypeRegistry:64] - addDescriptor(2004, org.hibernate.type.descriptor.sql.internal.CapacityDependentDdlType@10b67f54) replaced previous registration(org.hibernate.type.descriptor.sql.internal.DdlTypeImpl@30798137)
DEBUG 24-01-22 15:55:42[main] [DdlTypeRegistry:64] - addDescriptor(2005, org.hibernate.type.descriptor.sql.internal.CapacityDependentDdlType@455da438) replaced previous registration(org.hibernate.type.descriptor.sql.internal.DdlTypeImpl@60652518)
DEBUG 24-01-22 15:55:42[main] [DdlTypeRegistry:64] - addDescriptor(2011, org.hibernate.type.descriptor.sql.internal.CapacityDependentDdlType@438aaa9f) replaced previous registration(org.hibernate.type.descriptor.sql.internal.DdlTypeImpl@3f06ebe0)
INFO  24-01-22 15:55:44[main] [JtaPlatformInitiator:58] - HHH000489: No JTA platform available (set 'hibernate.transaction.jta.platform' to enable JTA platform integration)
INFO  24-01-22 15:55:44[main] [LocalContainerEntityManagerFactoryBean:437] - Initialized JPA EntityManagerFactory for persistence unit 'default'
WARN  24-01-22 15:55:44[main] [JpaBaseConfiguration$JpaWebConfiguration:232] - spring.jpa.open-in-view is enabled by default. Therefore, database queries may be performed during view rendering. Explicitly configure spring.jpa.open-in-view to disable this warning
INFO  24-01-22 15:55:45[main] [Http11NioProtocol:173] - Starting ProtocolHandler ["http-nio-0.0.0.0-8080"]
INFO  24-01-22 15:55:45[main] [TomcatWebServer:241] - Tomcat started on port 8080 (http) with context path ''
INFO  24-01-22 15:55:45[main] [SocApplicationKt:56] - Started SocApplicationKt in 9.568 seconds (process running for 16.853)
INFO  24-01-22 15:56:11[http-nio-0.0.0.0-8080-exec-1] [[/]:173] - Initializing Spring DispatcherServlet 'dispatcherServlet'
INFO  24-01-22 15:56:11[http-nio-0.0.0.0-8080-exec-1] [DispatcherServlet:532] - Initializing Servlet 'dispatcherServlet'
INFO  24-01-22 15:56:11[http-nio-0.0.0.0-8080-exec-1] [DispatcherServlet:554] - Completed initialization in 1 ms
ERROR 24-01-22 15:56:12[http-nio-0.0.0.0-8080-exec-1] [DefaultWebExceptionHandler:37] - java.lang.Exception: RollbackTest
INFO  24-01-22 17:12:12[SpringApplicationShutdownHook] [LocalContainerEntityManagerFactoryBean:650] - Closing JPA EntityManagerFactory for persistence unit 'default'
INFO  24-01-22 17:12:12[SpringApplicationShutdownHook] [HikariDataSource:350] - HikariPool-1 - Shutdown initiated...
INFO  24-01-22 17:12:12[SpringApplicationShutdownHook] [HikariDataSource:352] - HikariPool-1 - Shutdown completed.
